Using pre-set license
Built from '2020.3/staging' branch; Version is '2020.3.33f1 (915a7af8b0d5) revision 9525882'; Using compiler version '192528614'; Build Type 'Release'
OS: 'Windows 11  (10.0.22000) 64bit Education' Language: 'en' Physical Memory: 32682 MB
BatchMode: 1, IsHumanControllingUs: 0, StartBugReporterOnCrash: 0, Is64bit: 1, IsPro: 0

COMMAND LINE ARGUMENTS:
C:\Program Files\Unity\Hub\Editor\2020.3.33f1\Editor\Unity.exe
-adb2
-batchMode
-noUpm
-name
AssetImportWorker0
-projectPath
C:/Users/Amatsugu/Documents/Game Dev/Makoto
-logFile
Logs/AssetImportWorker0.log
-srvPort
50663
Successfully changed project path to: C:/Users/Amatsugu/Documents/Game Dev/Makoto
C:/Users/Amatsugu/Documents/Game Dev/Makoto
Using Asset Import Pipeline V2.
Refreshing native plugins compatible for Editor in 96.88 ms, found 3 plugins.
Preloading 0 native plugins for Editor in 0.00 ms.
Initialize engine version: 2020.3.33f1 (915a7af8b0d5)
[Subsystems] Discovering subsystems at path C:/Program Files/Unity/Hub/Editor/2020.3.33f1/Editor/Data/Resources/UnitySubsystems
[Subsystems] Discovering subsystems at path C:/Users/Amatsugu/Documents/Game Dev/Makoto/Assets
GfxDevice: creating device client; threaded=0
Direct3D:
    Version:  Direct3D 11.0 [level 11.1]
    Renderer: NVIDIA GeForce RTX 3080 Ti (ID=0x2208)
    Vendor:   
    VRAM:     12108 MB
    Driver:   30.0.15.1259
Initialize mono
Mono path[0] = 'C:/Program Files/Unity/Hub/Editor/2020.3.33f1/Editor/Data/Managed'
Mono path[1] = 'C:/Program Files/Unity/Hub/Editor/2020.3.33f1/Editor/Data/MonoBleedingEdge/lib/mono/unityjit'
Mono config path = 'C:/Program Files/Unity/Hub/Editor/2020.3.33f1/Editor/Data/MonoBleedingEdge/etc'
Using monoOptions --debugger-agent=transport=dt_socket,embedding=1,server=y,suspend=n,address=127.0.0.1:56736
Begin MonoManager ReloadAssembly
Registering precompiled unity dll's ...
Register platform support module: C:/Program Files/Unity/Hub/Editor/2020.3.33f1/Editor/Data/PlaybackEngines/WindowsStandaloneSupport/UnityEditor.WindowsStandalone.Extensions.dll
Registered in 0.001306 seconds.
Native extension for WindowsStandalone target not found
Refreshing native plugins compatible for Editor in 86.18 ms, found 3 plugins.
Preloading 0 native plugins for Editor in 0.00 ms.
Mono: successfully reloaded assembly
- Completed reload, in  0.590 seconds
Domain Reload Profiling:
	ReloadAssembly (591ms)
		BeginReloadAssembly (52ms)
			ExecutionOrderSort (0ms)
			DisableScriptedObjects (0ms)
			BackupInstance (0ms)
			ReleaseScriptingObjects (0ms)
			CreateAndSetChildDomain (1ms)
		EndReloadAssembly (464ms)
			LoadAssemblies (50ms)
			RebuildTransferFunctionScriptingTraits (0ms)
			SetupTypeCache (147ms)
			ReleaseScriptCaches (0ms)
			RebuildScriptCaches (24ms)
			SetupLoadedEditorAssemblies (197ms)
				LogAssemblyErrors (0ms)
				InitializePlatformSupportModulesInManaged (4ms)
				SetLoadedEditorAssemblies (0ms)
				RefreshPlugins (86ms)
				BeforeProcessingInitializeOnLoad (12ms)
				ProcessInitializeOnLoadAttributes (72ms)
				ProcessInitializeOnLoadMethodAttributes (23ms)
				AfterProcessingInitializeOnLoad (0ms)
				EditorAssembliesLoaded (0ms)
			ExecutionOrderSort2 (0ms)
			AwakeInstancesAfterBackupRestoration (0ms)
Platform modules already initialized, skipping
Registering precompiled user dll's ...
Registered in 0.002691 seconds.
Begin MonoManager ReloadAssembly
Symbol file LoadedFromMemory doesn't match image C:\Users\Amatsugu\Documents\Game Dev\Makoto\Library\PackageCache\com.unity.collab-proxy@1.15.15\Lib\Editor\PlasticSCM\unityplastic.dll
Native extension for WindowsStandalone target not found
Refreshing native plugins compatible for Editor in 78.75 ms, found 3 plugins.
Preloading 0 native plugins for Editor in 0.00 ms.
Mono: successfully reloaded assembly
- Completed reload, in  1.270 seconds
Domain Reload Profiling:
	ReloadAssembly (1271ms)
		BeginReloadAssembly (136ms)
			ExecutionOrderSort (0ms)
			DisableScriptedObjects (4ms)
			BackupInstance (0ms)
			ReleaseScriptingObjects (0ms)
			CreateAndSetChildDomain (18ms)
		EndReloadAssembly (1076ms)
			LoadAssemblies (90ms)
			RebuildTransferFunctionScriptingTraits (0ms)
			SetupTypeCache (318ms)
			ReleaseScriptCaches (1ms)
			RebuildScriptCaches (77ms)
			SetupLoadedEditorAssemblies (485ms)
				LogAssemblyErrors (0ms)
				InitializePlatformSupportModulesInManaged (3ms)
				SetLoadedEditorAssemblies (0ms)
				RefreshPlugins (79ms)
				BeforeProcessingInitializeOnLoad (110ms)
				ProcessInitializeOnLoadAttributes (269ms)
				ProcessInitializeOnLoadMethodAttributes (20ms)
				AfterProcessingInitializeOnLoad (4ms)
				EditorAssembliesLoaded (0ms)
			ExecutionOrderSort2 (0ms)
			AwakeInstancesAfterBackupRestoration (6ms)
Platform modules already initialized, skipping
========================================================================
Worker process is ready to serve import requests
Launched and connected shader compiler UnityShaderCompiler.exe after 0.05 seconds
Refreshing native plugins compatible for Editor in 1.22 ms, found 3 plugins.
Preloading 0 native plugins for Editor in 0.00 ms.
Unloading 4503 Unused Serialized files (Serialized files now loaded: 0)
System memory in use before: 185.9 MB.
System memory in use after: 185.9 MB.

Unloading 35 unused Assets to reduce memory usage. Loaded Objects now: 4934.
Total: 4.567800 ms (FindLiveObjects: 0.583500 ms CreateObjectMapping: 0.133800 ms MarkObjects: 3.649300 ms  DeleteObjects: 0.199900 ms)

AssetImportParameters requested are different than current active one (requested -> active):
  custom:framework-win-MediaFoundation: 216162199b28c13a410421893ffa2e32 -> 
  custom:video-decoder-ogg-theora: a1e56fd34408186e4bbccfd4996cb3dc -> 
  custom:container-muxer-webm: aa71ff27fc2769a1b78a27578f13a17b -> 
  custom:container-demuxer-webm: 4f35f7cbe854078d1ac9338744f61a02 -> 
  custom:container-demuxer-ogg: 62fdf1f143b41e24485cea50d1cbac27 -> 
  custom:video-encoder-webm-vp8: eb34c28f22e8b96e1ab97ce403110664 -> 
  custom:video-decoder-webm-vp8: 9c59270c3fd7afecdb556c50c9e8de78 -> 
  custom:audio-decoder-ogg-vorbis: bf7c407c2cedff20999df2af8eb42d56 -> 
  custom:audio-encoder-webm-vorbis: bf7c407c2cedff20999df2af8eb42d56 -> 
========================================================================
Received Import Request.
  path: Assets/Sprites/Tileset.psd
  artifactKey: Guid(1eb6c98caa09f8247861b0d056def331) Importer(815301076,1909f56bfc062723c751e8b465ee728b)
Start importing Assets/Sprites/Tileset.psd using Guid(1eb6c98caa09f8247861b0d056def331) Importer(815301076,1909f56bfc062723c751e8b465ee728b)  -> (artifact id: '0f2959c989b92ee9294056e5bc134f38') in 0.088712 seconds 
========================================================================
Received Import Request.
  Time since last request: 18.990138 seconds.
  path: Assets/Sprites/Tileset.psd
  artifactKey: Guid(1eb6c98caa09f8247861b0d056def331) Importer(815301076,1909f56bfc062723c751e8b465ee728b)
Start importing Assets/Sprites/Tileset.psd using Guid(1eb6c98caa09f8247861b0d056def331) Importer(815301076,1909f56bfc062723c751e8b465ee728b)  -> (artifact id: '89516d383b48af2b7c92a50d2d979938') in 0.013877 seconds 
========================================================================
Received Import Request.
  Time since last request: 25.964921 seconds.
  path: Assets/Sprites/Tileset.psd
  artifactKey: Guid(1eb6c98caa09f8247861b0d056def331) Importer(815301076,1909f56bfc062723c751e8b465ee728b)
Start importing Assets/Sprites/Tileset.psd using Guid(1eb6c98caa09f8247861b0d056def331) Importer(815301076,1909f56bfc062723c751e8b465ee728b)  -> (artifact id: '0eb70ff77a0123d6dd74b890b50843e6') in 0.088360 seconds 
========================================================================
Received Import Request.
  Time since last request: 40.204815 seconds.
  path: Assets/Script Assets/Auto Gun.asset
  artifactKey: Guid(8cf8f3b10d4680d4db764ac91e5e09fe) Importer(815301076,1909f56bfc062723c751e8b465ee728b)
Start importing Assets/Script Assets/Auto Gun.asset using Guid(8cf8f3b10d4680d4db764ac91e5e09fe) Importer(815301076,1909f56bfc062723c751e8b465ee728b)  -> (artifact id: 'b458b3fbfeaf2b4793adbed944ff6b5e') in 0.011435 seconds 
========================================================================
Received Import Request.
  Time since last request: 0.992653 seconds.
  path: Assets/Config/Input/Base Input.inputactions
  artifactKey: Guid(0153c340bfb682d48b6efa669e6f1e05) Importer(815301076,1909f56bfc062723c751e8b465ee728b)
Start importing Assets/Config/Input/Base Input.inputactions using Guid(0153c340bfb682d48b6efa669e6f1e05) Importer(815301076,1909f56bfc062723c751e8b465ee728b)  -> (artifact id: '0add1f3b89adc1ccd77fbd01e6d5fb71') in 0.011600 seconds 
========================================================================
Received Import Request.
  Time since last request: 10.749242 seconds.
  path: Assets/Tilemaps
  artifactKey: Guid(d24ce125ce2ab5f41a5daf7ccbaadad9) Importer(815301076,1909f56bfc062723c751e8b465ee728b)
Start importing Assets/Tilemaps using Guid(d24ce125ce2ab5f41a5daf7ccbaadad9) Importer(815301076,1909f56bfc062723c751e8b465ee728b)  -> (artifact id: 'f41a8ec5fb908585657af0fb1f1288a2') in 0.005324 seconds 
========================================================================
Received Import Request.
  Time since last request: 33.405787 seconds.
  path: Assets/Tilemaps/Base.prefab
  artifactKey: Guid(0c8896f6499b0fa4babf8e8c435484dc) Importer(815301076,1909f56bfc062723c751e8b465ee728b)
Start importing Assets/Tilemaps/Base.prefab using Guid(0c8896f6499b0fa4babf8e8c435484dc) Importer(815301076,1909f56bfc062723c751e8b465ee728b)  -> (artifact id: '117f909510b9a19f515043504d2c0701') in 0.036298 seconds 
========================================================================
Received Import Request.
  Time since last request: 215.822347 seconds.
  path: Assets/Sprites/Tileset_0.asset
  artifactKey: Guid(db49d6cdd5a1c9f47abd993b9e498c98) Importer(815301076,1909f56bfc062723c751e8b465ee728b)
Start importing Assets/Sprites/Tileset_0.asset using Guid(db49d6cdd5a1c9f47abd993b9e498c98) Importer(815301076,1909f56bfc062723c751e8b465ee728b)  -> (artifact id: '46e377c6b141120adf4b677a1dd3391b') in 0.016349 seconds 
========================================================================
Received Import Request.
  Time since last request: 0.000151 seconds.
  path: Assets/Sprites/Tileset_23.asset
  artifactKey: Guid(3f6d84af2c729e6469a4d24d72b43ebf) Importer(815301076,1909f56bfc062723c751e8b465ee728b)
Start importing Assets/Sprites/Tileset_23.asset using Guid(3f6d84af2c729e6469a4d24d72b43ebf) Importer(815301076,1909f56bfc062723c751e8b465ee728b)  -> (artifact id: 'b836e9532ddb2be811e65589b345c689') in 0.009461 seconds 
========================================================================
Received Import Request.
  Time since last request: 0.000197 seconds.
  path: Assets/Sprites/Tileset_24.asset
  artifactKey: Guid(08dd7fc89e93baa4d95b8b931d7a16b7) Importer(815301076,1909f56bfc062723c751e8b465ee728b)
Start importing Assets/Sprites/Tileset_24.asset using Guid(08dd7fc89e93baa4d95b8b931d7a16b7) Importer(815301076,1909f56bfc062723c751e8b465ee728b)  -> (artifact id: '705aa0b32ab323beeeaabe15ec24a38a') in 0.009284 seconds 
========================================================================
Received Import Request.
  Time since last request: 0.000218 seconds.
  path: Assets/Sprites/Tileset_7.asset
  artifactKey: Guid(c0cf7322032461b43a24177ac84b8a8b) Importer(815301076,1909f56bfc062723c751e8b465ee728b)
Start importing Assets/Sprites/Tileset_7.asset using Guid(c0cf7322032461b43a24177ac84b8a8b) Importer(815301076,1909f56bfc062723c751e8b465ee728b)  -> (artifact id: 'fa383141d25df7815e472bd1e510ca3d') in 0.009566 seconds 
========================================================================
Received Import Request.
  Time since last request: 0.000212 seconds.
  path: Assets/Sprites/Tileset_9.asset
  artifactKey: Guid(abd12ee15771ca542b3bc5002c558878) Importer(815301076,1909f56bfc062723c751e8b465ee728b)
Start importing Assets/Sprites/Tileset_9.asset using Guid(abd12ee15771ca542b3bc5002c558878) Importer(815301076,1909f56bfc062723c751e8b465ee728b)  -> (artifact id: '23915f3887fe6e7db2bb14e776bc97bd') in 0.010498 seconds 
========================================================================
Received Import Request.
  Time since last request: 0.000194 seconds.
  path: Assets/Sprites/Tileset_15.asset
  artifactKey: Guid(27e543185fafac24199a4d66aed1ed9c) Importer(815301076,1909f56bfc062723c751e8b465ee728b)
Start importing Assets/Sprites/Tileset_15.asset using Guid(27e543185fafac24199a4d66aed1ed9c) Importer(815301076,1909f56bfc062723c751e8b465ee728b)  -> (artifact id: '0533eb68484ffd07bca998bb8daedfea') in 0.009372 seconds 
========================================================================
Received Import Request.
  Time since last request: 0.000174 seconds.
  path: Assets/Sprites/Tileset_11.asset
  artifactKey: Guid(2ad67236651fb0a48bd55807653e08c6) Importer(815301076,1909f56bfc062723c751e8b465ee728b)
Start importing Assets/Sprites/Tileset_11.asset using Guid(2ad67236651fb0a48bd55807653e08c6) Importer(815301076,1909f56bfc062723c751e8b465ee728b)  -> (artifact id: 'd068dba0d07d855686a19694d9b5a81f') in 0.010869 seconds 
========================================================================
Received Import Request.
  Time since last request: 0.000225 seconds.
  path: Assets/Sprites/Tileset_17.asset
  artifactKey: Guid(d040dcd5e4f1694498993974135be882) Importer(815301076,1909f56bfc062723c751e8b465ee728b)
Start importing Assets/Sprites/Tileset_17.asset using Guid(d040dcd5e4f1694498993974135be882) Importer(815301076,1909f56bfc062723c751e8b465ee728b)  -> (artifact id: '00f9de3bddbff60368eb44e400b07e8f') in 0.010213 seconds 
========================================================================
Received Import Request.
  Time since last request: 0.000208 seconds.
  path: Assets/Sprites/Tileset_25.asset
  artifactKey: Guid(cb2038f611b1a234fbc1862436223c31) Importer(815301076,1909f56bfc062723c751e8b465ee728b)
Start importing Assets/Sprites/Tileset_25.asset using Guid(cb2038f611b1a234fbc1862436223c31) Importer(815301076,1909f56bfc062723c751e8b465ee728b)  -> (artifact id: '7975dd5672313184a886c794a81c84a2') in 0.010087 seconds 
========================================================================
Received Import Request.
  Time since last request: 0.000239 seconds.
  path: Assets/Sprites/Tileset_26.asset
  artifactKey: Guid(2635751c4874ae545b82ed971523f8dd) Importer(815301076,1909f56bfc062723c751e8b465ee728b)
Start importing Assets/Sprites/Tileset_26.asset using Guid(2635751c4874ae545b82ed971523f8dd) Importer(815301076,1909f56bfc062723c751e8b465ee728b)  -> (artifact id: '713a6a7c488c4f9ea94ec05d26cac0a4') in 0.009839 seconds 
========================================================================
Received Import Request.
  Time since last request: 0.000216 seconds.
  path: Assets/Sprites/Tileset_16.asset
  artifactKey: Guid(eabd48d4f2a43fe48bc3bd6f1aa70ddb) Importer(815301076,1909f56bfc062723c751e8b465ee728b)
Start importing Assets/Sprites/Tileset_16.asset using Guid(eabd48d4f2a43fe48bc3bd6f1aa70ddb) Importer(815301076,1909f56bfc062723c751e8b465ee728b)  -> (artifact id: 'ad39b704d6f2967459bb61afe1dcca65') in 0.009931 seconds 
========================================================================
Received Import Request.
  Time since last request: 0.000240 seconds.
  path: Assets/Sprites/Tileset_22.asset
  artifactKey: Guid(9ca642dccd729b64f9d7fa8b2197cf0f) Importer(815301076,1909f56bfc062723c751e8b465ee728b)
Start importing Assets/Sprites/Tileset_22.asset using Guid(9ca642dccd729b64f9d7fa8b2197cf0f) Importer(815301076,1909f56bfc062723c751e8b465ee728b)  -> (artifact id: '4638a9be2aa4901d7a86b07e5af9427d') in 0.011040 seconds 
========================================================================
Received Import Request.
  Time since last request: 0.000214 seconds.
  path: Assets/Sprites/Tileset_18.asset
  artifactKey: Guid(250ac98cce7497f40a4970401493659d) Importer(815301076,1909f56bfc062723c751e8b465ee728b)
Start importing Assets/Sprites/Tileset_18.asset using Guid(250ac98cce7497f40a4970401493659d) Importer(815301076,1909f56bfc062723c751e8b465ee728b)  -> (artifact id: 'd0e17e9b05a7ebf94524cd1ae7d1b2ac') in 0.010907 seconds 
========================================================================
Received Import Request.
  Time since last request: 0.000268 seconds.
  path: Assets/Sprites/Tileset_12.asset
  artifactKey: Guid(a4dac772fb398eb4ebea9cf802b227ce) Importer(815301076,1909f56bfc062723c751e8b465ee728b)
Start importing Assets/Sprites/Tileset_12.asset using Guid(a4dac772fb398eb4ebea9cf802b227ce) Importer(815301076,1909f56bfc062723c751e8b465ee728b)  -> (artifact id: '2b01eae96d21abb2c9cecce1ce622c1f') in 0.010026 seconds 
========================================================================
Received Import Request.
  Time since last request: 0.000275 seconds.
  path: Assets/Sprites/Tileset_2.asset
  artifactKey: Guid(63ac4e9a6d0713049ad8d5d5616c41b3) Importer(815301076,1909f56bfc062723c751e8b465ee728b)
Start importing Assets/Sprites/Tileset_2.asset using Guid(63ac4e9a6d0713049ad8d5d5616c41b3) Importer(815301076,1909f56bfc062723c751e8b465ee728b)  -> (artifact id: '3ee2e435ab506c8d685305692c046981') in 0.011070 seconds 
========================================================================
Received Import Request.
  Time since last request: 0.000198 seconds.
  path: Assets/Sprites/Tileset_19.asset
  artifactKey: Guid(1568003f54631024081ab20a07461439) Importer(815301076,1909f56bfc062723c751e8b465ee728b)
Start importing Assets/Sprites/Tileset_19.asset using Guid(1568003f54631024081ab20a07461439) Importer(815301076,1909f56bfc062723c751e8b465ee728b)  -> (artifact id: '97a62d256f3a646a831262ab069db44b') in 0.010040 seconds 
========================================================================
Received Import Request.
  Time since last request: 0.000186 seconds.
  path: Assets/Sprites/Tileset_3.asset
  artifactKey: Guid(c19571f3f5fb2f744ba6c674a24c4f82) Importer(815301076,1909f56bfc062723c751e8b465ee728b)
Start importing Assets/Sprites/Tileset_3.asset using Guid(c19571f3f5fb2f744ba6c674a24c4f82) Importer(815301076,1909f56bfc062723c751e8b465ee728b)  -> (artifact id: '82e61070013b69cb4f2d5e4cd59f1f91') in 0.010250 seconds 
========================================================================
Received Import Request.
  Time since last request: 0.000255 seconds.
  path: Assets/Sprites/Tileset_8.asset
  artifactKey: Guid(f46fac4862cfa274c80df5d2661b72cd) Importer(815301076,1909f56bfc062723c751e8b465ee728b)
Start importing Assets/Sprites/Tileset_8.asset using Guid(f46fac4862cfa274c80df5d2661b72cd) Importer(815301076,1909f56bfc062723c751e8b465ee728b)  -> (artifact id: 'e716e46a0f95c7441721334ca316b218') in 0.009975 seconds 
========================================================================
Received Import Request.
  Time since last request: 0.000236 seconds.
  path: Assets/Sprites/Tileset_14.asset
  artifactKey: Guid(0c7bdcddf1b376e40905eaa35e81c4c8) Importer(815301076,1909f56bfc062723c751e8b465ee728b)
Start importing Assets/Sprites/Tileset_14.asset using Guid(0c7bdcddf1b376e40905eaa35e81c4c8) Importer(815301076,1909f56bfc062723c751e8b465ee728b)  -> (artifact id: '487b731c1dd01502ab4704299c162b8c') in 0.010216 seconds 
========================================================================
Received Import Request.
  Time since last request: 0.000212 seconds.
  path: Assets/Sprites/Tileset_10.asset
  artifactKey: Guid(81941aff3bf54664e9ca1a23835e5296) Importer(815301076,1909f56bfc062723c751e8b465ee728b)
Start importing Assets/Sprites/Tileset_10.asset using Guid(81941aff3bf54664e9ca1a23835e5296) Importer(815301076,1909f56bfc062723c751e8b465ee728b)  -> (artifact id: 'a7c26dd6bebc33ba2acf7f4fdd5a7d58') in 0.010381 seconds 
========================================================================
Received Import Request.
  Time since last request: 0.000183 seconds.
  path: Assets/Sprites/Tileset_5.asset
  artifactKey: Guid(ef23fb215ac7b3b4aa8ff8804401abe9) Importer(815301076,1909f56bfc062723c751e8b465ee728b)
Start importing Assets/Sprites/Tileset_5.asset using Guid(ef23fb215ac7b3b4aa8ff8804401abe9) Importer(815301076,1909f56bfc062723c751e8b465ee728b)  -> (artifact id: 'c8c92d684f7b80a1210f8e1c2e9facf4') in 0.009377 seconds 
========================================================================
Received Import Request.
  Time since last request: 0.000255 seconds.
  path: Assets/Sprites/Tileset_6.asset
  artifactKey: Guid(bed132d53387cfc4393c71c0dee8bbec) Importer(815301076,1909f56bfc062723c751e8b465ee728b)
Start importing Assets/Sprites/Tileset_6.asset using Guid(bed132d53387cfc4393c71c0dee8bbec) Importer(815301076,1909f56bfc062723c751e8b465ee728b)  -> (artifact id: '23fa8e1d46f62ef92673083b1e08351f') in 0.008861 seconds 
========================================================================
Received Import Request.
  Time since last request: 0.000207 seconds.
  path: Assets/Sprites/Tileset_20.asset
  artifactKey: Guid(67a5f02a79197014398bccc799b5ad1f) Importer(815301076,1909f56bfc062723c751e8b465ee728b)
Start importing Assets/Sprites/Tileset_20.asset using Guid(67a5f02a79197014398bccc799b5ad1f) Importer(815301076,1909f56bfc062723c751e8b465ee728b)  -> (artifact id: 'aff960efa51c3736aca0849c3c704cb7') in 0.009122 seconds 
========================================================================
Received Import Request.
  Time since last request: 0.000193 seconds.
  path: Assets/Sprites/Tileset_21.asset
  artifactKey: Guid(e42360590c927b64fbb71bbe1aae4358) Importer(815301076,1909f56bfc062723c751e8b465ee728b)
Start importing Assets/Sprites/Tileset_21.asset using Guid(e42360590c927b64fbb71bbe1aae4358) Importer(815301076,1909f56bfc062723c751e8b465ee728b)  -> (artifact id: '4317fd65ccdc59e93795275d229eeb2e') in 0.009660 seconds 
========================================================================
Received Import Request.
  Time since last request: 0.000181 seconds.
  path: Assets/Sprites/Tileset_4.asset
  artifactKey: Guid(52286279a94a59c4197d016395271d6c) Importer(815301076,1909f56bfc062723c751e8b465ee728b)
Start importing Assets/Sprites/Tileset_4.asset using Guid(52286279a94a59c4197d016395271d6c) Importer(815301076,1909f56bfc062723c751e8b465ee728b)  -> (artifact id: 'd12c8c44e33afbc63728c58861f44f5b') in 0.009800 seconds 
========================================================================
Received Import Request.
  Time since last request: 0.000163 seconds.
  path: Assets/Sprites/Tileset_13.asset
  artifactKey: Guid(daacbda1ac279784783640428ab8900f) Importer(815301076,1909f56bfc062723c751e8b465ee728b)
Start importing Assets/Sprites/Tileset_13.asset using Guid(daacbda1ac279784783640428ab8900f) Importer(815301076,1909f56bfc062723c751e8b465ee728b)  -> (artifact id: '4a2290974e1be83aacb74df94d8d3d71') in 0.009456 seconds 
========================================================================
Received Import Request.
  Time since last request: 0.000226 seconds.
  path: Assets/Sprites/Tileset_1.asset
  artifactKey: Guid(6c4beec60a511ba4bb0874753652e5ee) Importer(815301076,1909f56bfc062723c751e8b465ee728b)
Start importing Assets/Sprites/Tileset_1.asset using Guid(6c4beec60a511ba4bb0874753652e5ee) Importer(815301076,1909f56bfc062723c751e8b465ee728b)  -> (artifact id: 'c499153c9bd1d8f075a27252f2fa9596') in 0.018644 seconds 
========================================================================
Received Import Request.
  Time since last request: 21.479178 seconds.
  path: Assets/Sprites/Tileset.psd
  artifactKey: Guid(1eb6c98caa09f8247861b0d056def331) Importer(815301076,1909f56bfc062723c751e8b465ee728b)
Start importing Assets/Sprites/Tileset.psd using Guid(1eb6c98caa09f8247861b0d056def331) Importer(815301076,1909f56bfc062723c751e8b465ee728b)  -> (artifact id: '8392581cbde3a67e9195de09257daa1c') in 0.095239 seconds 
========================================================================
Received Import Request.
  Time since last request: 3.699122 seconds.
  path: Assets/Tilemaps/Base.prefab
  artifactKey: Guid(0c8896f6499b0fa4babf8e8c435484dc) Importer(815301076,1909f56bfc062723c751e8b465ee728b)
Start importing Assets/Tilemaps/Base.prefab using Guid(0c8896f6499b0fa4babf8e8c435484dc) Importer(815301076,1909f56bfc062723c751e8b465ee728b)  -> (artifact id: 'd28d720f330dd42ac693dc1c6a1e7f77') in 0.018552 seconds 
========================================================================
Received Import Request.
  Time since last request: 275.930206 seconds.
  path: Assets/Tilemaps/Base.prefab
  artifactKey: Guid(0c8896f6499b0fa4babf8e8c435484dc) Importer(815301076,1909f56bfc062723c751e8b465ee728b)
Start importing Assets/Tilemaps/Base.prefab using Guid(0c8896f6499b0fa4babf8e8c435484dc) Importer(815301076,1909f56bfc062723c751e8b465ee728b)  -> (artifact id: 'a10df22bb4e2d7b97074b0967470064a') in 0.016701 seconds 
========================================================================
Received Import Request.
  Time since last request: 32.649927 seconds.
  path: Assets/Sprites/Tileset.psd
  artifactKey: Guid(1eb6c98caa09f8247861b0d056def331) Importer(815301076,1909f56bfc062723c751e8b465ee728b)
Start importing Assets/Sprites/Tileset.psd using Guid(1eb6c98caa09f8247861b0d056def331) Importer(815301076,1909f56bfc062723c751e8b465ee728b)  -> (artifact id: '86724142fc7efd6e0d652acf7130f8b2') in 0.087289 seconds 
========================================================================
Received Import Request.
  Time since last request: 143.392795 seconds.
  path: Assets/Sprites/Tileset.psd
  artifactKey: Guid(1eb6c98caa09f8247861b0d056def331) Importer(815301076,1909f56bfc062723c751e8b465ee728b)
Start importing Assets/Sprites/Tileset.psd using Guid(1eb6c98caa09f8247861b0d056def331) Importer(815301076,1909f56bfc062723c751e8b465ee728b)  -> (artifact id: '58e2d35f442054229886156991059f85') in 0.100422 seconds 
========================================================================
Received Import Request.
  Time since last request: 73.208254 seconds.
  path: Assets/Sprites/Tileset.psd
  artifactKey: Guid(1eb6c98caa09f8247861b0d056def331) Importer(815301076,1909f56bfc062723c751e8b465ee728b)
Start importing Assets/Sprites/Tileset.psd using Guid(1eb6c98caa09f8247861b0d056def331) Importer(815301076,1909f56bfc062723c751e8b465ee728b)  -> (artifact id: '9f4024db3c592e8c2a1e689d8363b6ec') in 0.108500 seconds 
AssetImportWorkerClient::OnTransportError - code=2 error=End of file
